<?xml version="1.0" encoding="UTF-8"?>
<!-- Generated by org.testng.reporters.JUnitReportReporter -->
<testsuite skipped="0" hostname="DESKTOP-20N6VSN" name="com.qa.page.Testclass" tests="1" failures="0" timestamp="2019-10-01T06:14:08 IST" time="18.195" errors="0">
  <testcase name="test1" time="18.195" classname="com.qa.page.Testclass"/>
</testsuite> <!-- com.qa.page.Testclass -->
