<?xml version="1.0" encoding="UTF-8"?>
<!-- Generated by org.testng.reporters.JUnitReportReporter -->
<testsuite skipped="0" hostname="DESKTOP-20N6VSN" name="com.qa.runner.TestRunner" tests="1" failures="0" timestamp="2019-10-23T09:29:40 IST" time="52.542" errors="0">
  <testcase name="feature" time="52.542" classname="com.qa.runner.TestRunner"/>
</testsuite> <!-- com.qa.runner.TestRunner -->
